<?xml version="1.0" encoding="UTF-8"?>
<!-- Generated by org.testng.reporters.JUnitReportReporter -->
<testsuite hostname="RAJU" failures="0" tests="3" name="com.OranageHRMTestCases.OHRM_AddEmployee" time="11.248" errors="0" timestamp="2023-02-03T17:42:16 IST" skipped="0">
  <testcase classname="com.OranageHRMTestCases.OHRM_AddEmployee" name="AddEmployee" time="0.023"/>
  <system-out/>
  <testcase classname="com.OranageHRMTestCases.OHRM_AddEmployee" name="LoginfuctionaltyTest" time="8.504"/>
  <system-out/>
  <testcase classname="com.OranageHRMTestCases.OHRM_AddEmployee" name="LogoutTest" time="2.721"/>
  <system-out/>
</testsuite> <!-- com.OranageHRMTestCases.OHRM_AddEmployee -->
