<?xml version="1.0" encoding="UTF-8"?>
<!-- Generated by org.testng.reporters.JUnitReportReporter -->
<testsuite hostname="RAJU" failures="0" tests="3" name="com.OrangeHRMApplicationPageTestCases.OrangeHRMLoginPageTest" time="7.467" errors="0" timestamp="2023-02-03T18:44:15 IST" skipped="0">
  <testcase classname="com.OrangeHRMApplicationPageTestCases.OrangeHRMLoginPageTest" name="loginPageLogoValidationTest" time="1.879"/>
  <system-out/>
  <testcase classname="com.OrangeHRMApplicationPageTestCases.OrangeHRMLoginPageTest" name="loginPageTextValidationTest" time="2.372"/>
  <system-out/>
  <testcase classname="com.OrangeHRMApplicationPageTestCases.OrangeHRMLoginPageTest" name="loginPageloginFuctionalityTest" time="3.216"/>
  <system-out/>
</testsuite> <!-- com.OrangeHRMApplicationPageTestCases.OrangeHRMLoginPageTest -->
