<?xml version="1.0" encoding="UTF-8"?>
<!-- Generated by org.testng.reporters.JUnitReportReporter -->
<testsuite hostname="RAJU" failures="0" tests="3" name="com.OrangeHRMApplicationPageTestCases.OrangeHRMLoginPageTest" time="21.146" errors="0" timestamp="2023-02-06T17:08:59 IST" skipped="0">
  <testcase classname="com.OrangeHRMApplicationPageTestCases.OrangeHRMLoginPageTest" name="loginPageLogoValidationTest" time="2.452"/>
  <system-out/>
  <testcase classname="com.OrangeHRMApplicationPageTestCases.OrangeHRMLoginPageTest" name="loginPageTextValidationTest" time="2.149"/>
  <system-out/>
  <testcase classname="com.OrangeHRMApplicationPageTestCases.OrangeHRMLoginPageTest" name="loginPageloginFuctionalityTest" time="16.545"/>
  <system-out/>
</testsuite> <!-- com.OrangeHRMApplicationPageTestCases.OrangeHRMLoginPageTest -->
