<?xml version="1.0" encoding="UTF-8"?>
<!-- Generated by org.testng.reporters.JUnitReportReporter -->
<testsuite hostname="RAJU" failures="0" tests="3" name="com.TestNG.Annotations5" time="0.021" errors="0" timestamp="2023-01-24T01:24:04 IST" skipped="0">
  <testcase classname="com.TestNG.Annotations5" name="gmailComposemailTest" time="0.007"/>
  <system-out/>
  <testcase classname="com.TestNG.Annotations5" name="gmailSentMailTest" time="0.004"/>
  <system-out/>
  <testcase classname="com.TestNG.Annotations5" name="gmailDroftTest" time="0.010"/>
  <system-out/>
</testsuite> <!-- com.TestNG.Annotations5 -->
