<?xml version="1.0" encoding="UTF-8"?>
<!-- Generated by org.testng.reporters.JUnitReportReporter -->
<testsuite hostname="RAJU" failures="0" tests="6" name="com.TestNG.Annotations1" time="0.019" errors="0" timestamp="2023-01-24T15:05:15 IST" skipped="0">
  <testcase classname="com.TestNG.Annotations1" name="gmailSentMailTest" time="0.001"/>
  <system-out/>
  <testcase classname="com.TestNG.Annotations1" name="gmailComposemailTest" time="0.001"/>
  <system-out/>
  <testcase classname="com.TestNG.Annotations1" name="gmailApplicationlounch" time="0.002"/>
  <system-out/>
  <testcase classname="com.TestNG.Annotations1" name="gmailApplicationclose" time="0.012"/>
  <system-out/>
  <testcase classname="com.TestNG.Annotations1" name="gmailDroftTest" time="0.002"/>
  <system-out/>
  <testcase classname="com.TestNG.Annotations1" name="gmailInBoxTest" time="0.001"/>
  <system-out/>
</testsuite> <!-- com.TestNG.Annotations1 -->
