<?xml version="1.0" encoding="UTF-8"?>
<!-- Generated by org.testng.reporters.JUnitReportReporter -->
<testsuite hostname="RAJU" failures="0" tests="6" name="com.TestNG.Annotations2" time="0.025" errors="0" timestamp="2023-01-24T01:08:32 IST" skipped="0">
  <testcase classname="com.TestNG.Annotations2" name="gmailApplicationlounch" time="0.011"/>
  <system-out/>
  <testcase classname="com.TestNG.Annotations2" name="gmailInBoxTest" time="0.002"/>
  <system-out/>
  <testcase classname="com.TestNG.Annotations2" name="gmailComposemailTest" time="0.003"/>
  <system-out/>
  <testcase classname="com.TestNG.Annotations2" name="gmailDroftTest" time="0.003"/>
  <system-out/>
  <testcase classname="com.TestNG.Annotations2" name="gmailSentMailTest" time="0.002"/>
  <system-out/>
  <testcase classname="com.TestNG.Annotations2" name="gmailApplicationclose" time="0.004"/>
  <system-out/>
</testsuite> <!-- com.TestNG.Annotations2 -->
