<?xml version="1.0" encoding="UTF-8"?>
<!-- Generated by org.testng.reporters.JUnitReportReporter -->
<testsuite hostname="RAJU" failures="0" tests="3" name="com.TestNG.Annotation4" time="0.012" errors="0" timestamp="2023-01-24T01:13:02 IST" skipped="0">
  <testcase classname="com.TestNG.Annotation4" name="gmailComposemailTest" time="0.006"/>
  <system-out/>
  <testcase classname="com.TestNG.Annotation4" name="gmailDroftTest" time="0.003"/>
  <system-out/>
  <testcase classname="com.TestNG.Annotation4" name="gmailSentMailTest" time="0.003"/>
  <system-out/>
</testsuite> <!-- com.TestNG.Annotation4 -->
