<?xml version="1.0" encoding="UTF-8"?>
<!-- Generated by org.testng.reporters.JUnitReportReporter -->
<testsuite hostname="RAJU" failures="0" tests="6" name="com.TestNG.Annotations3" time="0.021" errors="0" timestamp="2023-01-24T01:10:23 IST" skipped="1">
  <testcase classname="com.TestNG.Annotations3" name="gmailApplicationlounch" time="0.012"/>
  <system-out/>
  <testcase classname="com.TestNG.Annotations3" name="gmailInBoxTest" time="0.001"/>
  <system-out/>
  <testcase classname="com.TestNG.Annotations3" name="gmailComposemailTest" time="0.001"/>
  <system-out/>
  <testcase classname="com.TestNG.Annotations3" name="gmailDroftTest" time="0.003"/>
  <system-out/>
  <testcase classname="com.TestNG.Annotations3" name="gmailApplicationclose" time="0.004"/>
  <system-out/>
  <testcase classname="com.TestNG.Annotations3" name="gmailSentMailTest">
    <skipped/>
  </testcase> <!-- gmailSentMailTest -->
  <system-out/>
</testsuite> <!-- com.TestNG.Annotations3 -->
